<?xml version="1.0" encoding="UTF-8"?>
<!-- Generated by org.testng.reporters.JUnitReportReporter -->
<testsuite hostname="LAPTOP-0PKOEQOA" failures="0" tests="1" name="TestCases.TC2_NegativeUsername" time="5.532" errors="0" timestamp="2025-04-25T15:32:17 IST" skipped="0">
  <testcase classname="TestCases.TC2_NegativeUsername" name="NegetiveUsernameTest" time="5.532"/>
</testsuite> <!-- TestCases.TC2_NegativeUsername -->
