<?xml version="1.0" encoding="UTF-8"?>
<!-- Generated by org.testng.reporters.JUnitReportReporter -->
<testsuite hostname="LAPTOP-0PKOEQOA" failures="0" tests="1" name="TestCases.TC2_NegetiveUsername" time="3.180" errors="0" timestamp="2025-04-24T15:14:46 IST" skipped="0">
  <testcase classname="TestCases.TC2_NegetiveUsername" name="NegetiveUsernameTest" time="3.180"/>
</testsuite> <!-- TestCases.TC2_NegetiveUsername -->
