<?xml version="1.0" encoding="UTF-8"?>
<!-- Generated by org.testng.reporters.JUnitReportReporter -->
<testsuite hostname="LAPTOP-0PKOEQOA" failures="0" tests="1" name="TestCases.TC1_ValiduserAndpassword" time="4.431" errors="0" timestamp="2025-04-25T15:32:17 IST" skipped="0">
  <testcase classname="TestCases.TC1_ValiduserAndpassword" name="LoginTestValiduserandPassword" time="4.431"/>
</testsuite> <!-- TestCases.TC1_ValiduserAndpassword -->
