<?xml version="1.0" encoding="UTF-8"?>
<!-- Generated by org.testng.reporters.JUnitReportReporter -->
<testsuite hostname="LAPTOP-0PKOEQOA" failures="0" tests="1" name="TestCases.TC2_NegativeUsername" time="3.347" errors="0" timestamp="2025-04-25T16:25:19 IST" skipped="0">
  <testcase classname="TestCases.TC2_NegativeUsername" name="NegetiveUsernameTest" time="3.347"/>
</testsuite> <!-- TestCases.TC2_NegativeUsername -->
