<?xml version="1.0" encoding="UTF-8"?>
<!-- Generated by org.testng.reporters.JUnitReportReporter -->
<testsuite hostname="LAPTOP-0PKOEQOA" failures="0" tests="3" name="TestCases.TC4_DataDriven" time="31.065" errors="0" timestamp="2025-04-25T16:25:19 IST" skipped="0">
  <testcase classname="TestCases.TC4_DataDriven" name="dataDrivenLoginTest" time="13.267"/>
  <testcase classname="TestCases.TC4_DataDriven" name="dataDrivenLoginTest" time="13.286"/>
  <testcase classname="TestCases.TC4_DataDriven" name="dataDrivenLoginTest" time="4.512"/>
</testsuite> <!-- TestCases.TC4_DataDriven -->
