<?xml version="1.0" encoding="UTF-8"?>
<!-- Generated by org.testng.reporters.JUnitReportReporter -->
<testsuite hostname="LAPTOP-0PKOEQOA" failures="0" tests="1" name="TestCases.TC3_NegativePassword" time="3.297" errors="0" timestamp="2025-04-25T16:25:19 IST" skipped="0">
  <testcase classname="TestCases.TC3_NegativePassword" name="negativePasswordTest" time="3.297"/>
</testsuite> <!-- TestCases.TC3_NegativePassword -->
